# JRE version: OpenJDK Runtime Environment Corretto-16.0.2.7.1 (16.0.2+7) (build 16.0.2+7)
# Java VM: OpenJDK 64-Bit Server VM Corretto-16.0.2.7.1 (16.0.2+7, mixed mode, sharing, tiered, compressed oops, compressed class ptrs, g1 gc, linux-amd64)
Heap:
 garbage-first heap   total 45056K, used 24566K [0x0000000085400000, 0x0000000100000000)
  region size 1024K, 19 young (19456K), 4 survivors (4096K)
 Metaspace       used 21873K, committed 22080K, reserved 1073152K
  class space    used 2089K, committed 2176K, reserved 1048576K
GC Heap History (6 events):
Event: 1,697 GC heap before
{Heap before GC invocations=0 (full 0):
 garbage-first heap   total 129024K, used 14328K [0x0000000085400000, 0x0000000100000000)
  region size 1024K, 13 young (13312K), 0 survivors (0K)
 Metaspace       used 9020K, committed 9216K, reserved 1056768K
  class space    used 988K, committed 1088K, reserved 1048576K
}
Event: 1,704 GC heap after
{Heap after GC invocations=1 (full 0):
 garbage-first heap   total 129024K, used 4770K [0x0000000085400000, 0x0000000100000000)
  region size 1024K, 2 young (2048K), 2 survivors (2048K)
 Metaspace       used 9020K, committed 9216K, reserved 1056768K
  class space    used 988K, committed 1088K, reserved 1048576K
}
Event: 2,969 GC heap before
{Heap before GC invocations=1 (full 0):
 garbage-first heap   total 129024K, used 15010K [0x0000000085400000, 0x0000000100000000)
  region size 1024K, 13 young (13312K), 2 survivors (2048K)
 Metaspace       used 17389K, committed 17600K, reserved 1064960K
  class space    used 1803K, committed 1920K, reserved 1048576K
}
Event: 2,975 GC heap after
{Heap after GC invocations=2 (full 0):
 garbage-first heap   total 129024K, used 7439K [0x0000000085400000, 0x0000000100000000)
  region size 1024K, 2 young (2048K), 2 survivors (2048K)
 Metaspace       used 17389K, committed 17600K, reserved 1064960K
  class space    used 1803K, committed 1920K, reserved 1048576K
}
Event: 54,458 GC heap before
{Heap before GC invocations=2 (full 0):
 garbage-first heap   total 129024K, used 26895K [0x0000000085400000, 0x0000000100000000)
  region size 1024K, 22 young (22528K), 2 survivors (2048K)
 Metaspace       used 20987K, committed 21248K, reserved 1073152K
  class space    used 2029K, committed 2176K, reserved 1048576K
}
Event: 54,464 GC heap after
{Heap after GC invocations=3 (full 0):
 garbage-first heap   total 129024K, used 9206K [0x0000000085400000, 0x0000000100000000)
  region size 1024K, 4 young (4096K), 4 survivors (4096K)
 Metaspace       used 20987K, committed 21248K, reserved 1073152K
  class space    used 2029K, committed 2176K, reserved 1048576K
}

