# JRE version: OpenJDK Runtime Environment Corretto-16.0.2.7.1 (16.0.2+7) (build 16.0.2+7)
# Java VM: OpenJDK 64-Bit Server VM Corretto-16.0.2.7.1 (16.0.2+7, mixed mode, sharing, tiered, compressed oops, compressed class ptrs, g1 gc, linux-amd64)
Heap:
 garbage-first heap   total 46080K, used 25397K [0x0000000085400000, 0x0000000100000000)
  region size 1024K, 15 young (15360K), 2 survivors (2048K)
 Metaspace       used 23597K, committed 23808K, reserved 1073152K
  class space    used 2259K, committed 2368K, reserved 1048576K
GC Heap History (20 events):
Event: 1,315 GC heap before
{Heap before GC invocations=0 (full 0):
 garbage-first heap   total 129024K, used 14328K [0x0000000085400000, 0x0000000100000000)
  region size 1024K, 13 young (13312K), 0 survivors (0K)
 Metaspace       used 9460K, committed 9728K, reserved 1064960K
  class space    used 998K, committed 1152K, reserved 1048576K
}
Event: 1,321 GC heap after
{Heap after GC invocations=1 (full 0):
 garbage-first heap   total 129024K, used 5489K [0x0000000085400000, 0x0000000100000000)
  region size 1024K, 2 young (2048K), 2 survivors (2048K)
 Metaspace       used 9460K, committed 9728K, reserved 1064960K
  class space    used 998K, committed 1152K, reserved 1048576K
}
Event: 1,959 GC heap before
{Heap before GC invocations=1 (full 0):
 garbage-first heap   total 129024K, used 12657K [0x0000000085400000, 0x0000000100000000)
  region size 1024K, 10 young (10240K), 2 survivors (2048K)
 Metaspace       used 12658K, committed 12928K, reserved 1064960K
  class space    used 1353K, committed 1472K, reserved 1048576K
}
Event: 1,963 GC heap after
{Heap after GC invocations=2 (full 0):
 garbage-first heap   total 129024K, used 6979K [0x0000000085400000, 0x0000000100000000)
  region size 1024K, 2 young (2048K), 2 survivors (2048K)
 Metaspace       used 12658K, committed 12928K, reserved 1064960K
  class space    used 1353K, committed 1472K, reserved 1048576K
}
Event: 7,622 GC heap before
{Heap before GC invocations=2 (full 0):
 garbage-first heap   total 129024K, used 35651K [0x0000000085400000, 0x0000000100000000)
  region size 1024K, 31 young (31744K), 2 survivors (2048K)
 Metaspace       used 20467K, committed 20672K, reserved 1073152K
  class space    used 1973K, committed 2048K, reserved 1048576K
}
Event: 7,627 GC heap after
{Heap after GC invocations=3 (full 0):
 garbage-first heap   total 129024K, used 9896K [0x0000000085400000, 0x0000000100000000)
  region size 1024K, 4 young (4096K), 4 survivors (4096K)
 Metaspace       used 20467K, committed 20672K, reserved 1073152K
  class space    used 1973K, committed 2048K, reserved 1048576K
}
Event: 12,069 GC heap before
{Heap before GC invocations=3 (full 0):
 garbage-first heap   total 129024K, used 19112K [0x0000000085400000, 0x0000000100000000)
  region size 1024K, 14 young (14336K), 4 survivors (4096K)
 Metaspace       used 21059K, committed 21248K, reserved 1073152K
  class space    used 2017K, committed 2112K, reserved 1048576K
}
Event: 12,072 GC heap after
{Heap after GC invocations=4 (full 0):
 garbage-first heap   total 129024K, used 9872K [0x0000000085400000, 0x0000000100000000)
  region size 1024K, 4 young (4096K), 4 survivors (4096K)
 Metaspace       used 21059K, committed 21248K, reserved 1073152K
  class space    used 2017K, committed 2112K, reserved 1048576K
}
Event: 27,935 GC heap before
{Heap before GC invocations=5 (full 0):
 garbage-first heap   total 40960K, used 39568K [0x0000000085400000, 0x0000000100000000)
  region size 1024K, 33 young (33792K), 4 survivors (4096K)
 Metaspace       used 21337K, committed 21504K, reserved 1073152K
  class space    used 2020K, committed 2112K, reserved 1048576K
}
Event: 27,939 GC heap after
{Heap after GC invocations=6 (full 0):
 garbage-first heap   total 46080K, used 10055K [0x0000000085400000, 0x0000000100000000)
  region size 1024K, 5 young (5120K), 5 survivors (5120K)
 Metaspace       used 21337K, committed 21504K, reserved 1073152K
  class space    used 2020K, committed 2112K, reserved 1048576K
}
Event: 38,035 GC heap before
{Heap before GC invocations=6 (full 0):
 garbage-first heap   total 46080K, used 30535K [0x0000000085400000, 0x0000000100000000)
  region size 1024K, 25 young (25600K), 5 survivors (5120K)
 Metaspace       used 22443K, committed 22720K, reserved 1073152K
  class space    used 2147K, committed 2304K, reserved 1048576K
}
Event: 38,039 GC heap after
{Heap after GC invocations=7 (full 0):
 garbage-first heap   total 46080K, used 10682K [0x0000000085400000, 0x0000000100000000)
  region size 1024K, 2 young (2048K), 2 survivors (2048K)
 Metaspace       used 22443K, committed 22720K, reserved 1073152K
  class space    used 2147K, committed 2304K, reserved 1048576K
}
Event: 50,052 GC heap before
{Heap before GC invocations=7 (full 0):
 garbage-first heap   total 46080K, used 31162K [0x0000000085400000, 0x0000000100000000)
  region size 1024K, 22 young (22528K), 2 survivors (2048K)
 Metaspace       used 22713K, committed 22912K, reserved 1073152K
  class space    used 2195K, committed 2304K, reserved 1048576K
}
Event: 50,053 GC heap after
{Heap after GC invocations=8 (full 0):
 garbage-first heap   total 46080K, used 10618K [0x0000000085400000, 0x0000000100000000)
  region size 1024K, 2 young (2048K), 2 survivors (2048K)
 Metaspace       used 22713K, committed 22912K, reserved 1073152K
  class space    used 2195K, committed 2304K, reserved 1048576K
}
Event: 62,780 GC heap before
{Heap before GC invocations=8 (full 0):
 garbage-first heap   total 46080K, used 32122K [0x0000000085400000, 0x0000000100000000)
  region size 1024K, 23 young (23552K), 2 survivors (2048K)
 Metaspace       used 22715K, committed 22912K, reserved 1073152K
  class space    used 2196K, committed 2304K, reserved 1048576K
}
Event: 62,781 GC heap after
{Heap after GC invocations=9 (full 0):
 garbage-first heap   total 46080K, used 10557K [0x0000000085400000, 0x0000000100000000)
  region size 1024K, 1 young (1024K), 1 survivors (1024K)
 Metaspace       used 22715K, committed 22912K, reserved 1073152K
  class space    used 2196K, committed 2304K, reserved 1048576K
}
Event: 73,275 GC heap before
{Heap before GC invocations=9 (full 0):
 garbage-first heap   total 46080K, used 36157K [0x0000000085400000, 0x0000000100000000)
  region size 1024K, 24 young (24576K), 1 survivors (1024K)
 Metaspace       used 23473K, committed 23680K, reserved 1073152K
  class space    used 2254K, committed 2368K, reserved 1048576K
}
Event: 73,277 GC heap after
{Heap after GC invocations=10 (full 0):
 garbage-first heap   total 46080K, used 11049K [0x0000000085400000, 0x0000000100000000)
  region size 1024K, 2 young (2048K), 2 survivors (2048K)
 Metaspace       used 23473K, committed 23680K, reserved 1073152K
  class space    used 2254K, committed 2368K, reserved 1048576K
}
Event: 86,757 GC heap before
{Heap before GC invocations=10 (full 0):
 garbage-first heap   total 46080K, used 34601K [0x0000000085400000, 0x0000000100000000)
  region size 1024K, 25 young (25600K), 2 survivors (2048K)
 Metaspace       used 23505K, committed 23744K, reserved 1073152K
  class space    used 2254K, committed 2368K, reserved 1048576K
}
Event: 86,759 GC heap after
{Heap after GC invocations=11 (full 0):
 garbage-first heap   total 46080K, used 11061K [0x0000000085400000, 0x0000000100000000)
  region size 1024K, 2 young (2048K), 2 survivors (2048K)
 Metaspace       used 23505K, committed 23744K, reserved 1073152K
  class space    used 2254K, committed 2368K, reserved 1048576K
}

