# JRE version: OpenJDK Runtime Environment Corretto-16.0.2.7.1 (16.0.2+7) (build 16.0.2+7)
# Java VM: OpenJDK 64-Bit Server VM Corretto-16.0.2.7.1 (16.0.2+7, mixed mode, sharing, tiered, compressed oops, compressed class ptrs, g1 gc, linux-amd64)
Heap:
 garbage-first heap   total 49152K, used 13943K [0x0000000085400000, 0x0000000100000000)
  region size 1024K, 6 young (6144K), 2 survivors (2048K)
 Metaspace       used 23622K, committed 23872K, reserved 1073152K
  class space    used 2245K, committed 2368K, reserved 1048576K
GC Heap History (16 events):
Event: 1,285 GC heap before
{Heap before GC invocations=0 (full 0):
 garbage-first heap   total 129024K, used 14328K [0x0000000085400000, 0x0000000100000000)
  region size 1024K, 13 young (13312K), 0 survivors (0K)
 Metaspace       used 9637K, committed 9920K, reserved 1064960K
  class space    used 1023K, committed 1152K, reserved 1048576K
}
Event: 1,298 GC heap after
{Heap after GC invocations=1 (full 0):
 garbage-first heap   total 129024K, used 5536K [0x0000000085400000, 0x0000000100000000)
  region size 1024K, 2 young (2048K), 2 survivors (2048K)
 Metaspace       used 9637K, committed 9920K, reserved 1064960K
  class space    used 1023K, committed 1152K, reserved 1048576K
}
Event: 1,715 GC heap before
{Heap before GC invocations=1 (full 0):
 garbage-first heap   total 129024K, used 11680K [0x0000000085400000, 0x0000000100000000)
  region size 1024K, 9 young (9216K), 2 survivors (2048K)
 Metaspace       used 11318K, committed 11584K, reserved 1064960K
  class space    used 1188K, committed 1344K, reserved 1048576K
}
Event: 1,721 GC heap after
{Heap after GC invocations=2 (full 0):
 garbage-first heap   total 129024K, used 6544K [0x0000000085400000, 0x0000000100000000)
  region size 1024K, 1 young (1024K), 1 survivors (1024K)
 Metaspace       used 11318K, committed 11584K, reserved 1064960K
  class space    used 1188K, committed 1344K, reserved 1048576K
}
Event: 7,959 GC heap before
{Heap before GC invocations=2 (full 0):
 garbage-first heap   total 129024K, used 34192K [0x0000000085400000, 0x0000000100000000)
  region size 1024K, 29 young (29696K), 1 survivors (1024K)
 Metaspace       used 20072K, committed 20288K, reserved 1073152K
  class space    used 1950K, committed 2048K, reserved 1048576K
}
Event: 7,965 GC heap after
{Heap after GC invocations=3 (full 0):
 garbage-first heap   total 129024K, used 9516K [0x0000000085400000, 0x0000000100000000)
  region size 1024K, 4 young (4096K), 4 survivors (4096K)
 Metaspace       used 20072K, committed 20288K, reserved 1073152K
  class space    used 1950K, committed 2048K, reserved 1048576K
}
Event: 27,760 GC heap before
{Heap before GC invocations=3 (full 0):
 garbage-first heap   total 129024K, used 46380K [0x0000000085400000, 0x0000000100000000)
  region size 1024K, 41 young (41984K), 4 survivors (4096K)
 Metaspace       used 20999K, committed 21248K, reserved 1073152K
  class space    used 2003K, committed 2112K, reserved 1048576K
}
Event: 27,768 GC heap after
{Heap after GC invocations=4 (full 0):
 garbage-first heap   total 129024K, used 9639K [0x0000000085400000, 0x0000000100000000)
  region size 1024K, 4 young (4096K), 4 survivors (4096K)
 Metaspace       used 20999K, committed 21248K, reserved 1073152K
  class space    used 2003K, committed 2112K, reserved 1048576K
}
Event: 42,304 GC heap before
{Heap before GC invocations=5 (full 0):
 garbage-first heap   total 45056K, used 42407K [0x0000000085400000, 0x0000000100000000)
  region size 1024K, 36 young (36864K), 4 survivors (4096K)
 Metaspace       used 22620K, committed 22784K, reserved 1073152K
  class space    used 2154K, committed 2240K, reserved 1048576K
}
Event: 42,314 GC heap after
{Heap after GC invocations=6 (full 0):
 garbage-first heap   total 49152K, used 10453K [0x0000000085400000, 0x0000000100000000)
  region size 1024K, 4 young (4096K), 4 survivors (4096K)
 Metaspace       used 22620K, committed 22784K, reserved 1073152K
  class space    used 2154K, committed 2240K, reserved 1048576K
}
Event: 52,310 GC heap before
{Heap before GC invocations=6 (full 0):
 garbage-first heap   total 49152K, used 32981K [0x0000000085400000, 0x0000000100000000)
  region size 1024K, 26 young (26624K), 4 survivors (4096K)
 Metaspace       used 22705K, committed 22912K, reserved 1073152K
  class space    used 2154K, committed 2240K, reserved 1048576K
}
Event: 52,314 GC heap after
{Heap after GC invocations=7 (full 0):
 garbage-first heap   total 49152K, used 11054K [0x0000000085400000, 0x0000000100000000)
  region size 1024K, 2 young (2048K), 2 survivors (2048K)
 Metaspace       used 22705K, committed 22912K, reserved 1073152K
  class space    used 2154K, committed 2240K, reserved 1048576K
}
Event: 65,160 GC heap before
{Heap before GC invocations=7 (full 0):
 garbage-first heap   total 49152K, used 33582K [0x0000000085400000, 0x0000000100000000)
  region size 1024K, 24 young (24576K), 2 survivors (2048K)
 Metaspace       used 22863K, committed 23104K, reserved 1073152K
  class space    used 2183K, committed 2304K, reserved 1048576K
}
Event: 65,162 GC heap after
{Heap after GC invocations=8 (full 0):
 garbage-first heap   total 49152K, used 10877K [0x0000000085400000, 0x0000000100000000)
  region size 1024K, 2 young (2048K), 2 survivors (2048K)
 Metaspace       used 22863K, committed 23104K, reserved 1073152K
  class space    used 2183K, committed 2304K, reserved 1048576K
}
Event: 77,386 GC heap before
{Heap before GC invocations=8 (full 0):
 garbage-first heap   total 49152K, used 37501K [0x0000000085400000, 0x0000000100000000)
  region size 1024K, 26 young (26624K), 2 survivors (2048K)
 Metaspace       used 23573K, committed 23808K, reserved 1073152K
  class space    used 2240K, committed 2368K, reserved 1048576K
}
Event: 77,389 GC heap after
{Heap after GC invocations=9 (full 0):
 garbage-first heap   total 49152K, used 10871K [0x0000000085400000, 0x0000000100000000)
  region size 1024K, 2 young (2048K), 2 survivors (2048K)
 Metaspace       used 23573K, committed 23808K, reserved 1073152K
  class space    used 2240K, committed 2368K, reserved 1048576K
}

