# JRE version: OpenJDK Runtime Environment Corretto-16.0.2.7.1 (16.0.2+7) (build 16.0.2+7)
# Java VM: OpenJDK 64-Bit Server VM Corretto-16.0.2.7.1 (16.0.2+7, mixed mode, sharing, tiered, compressed oops, compressed class ptrs, g1 gc, linux-amd64)
Heap:
 garbage-first heap   total 45056K, used 31297K [0x0000000085400000, 0x0000000100000000)
  region size 1024K, 17 young (17408K), 1 survivors (1024K)
 Metaspace       used 27476K, committed 27648K, reserved 1081344K
  class space    used 2454K, committed 2560K, reserved 1048576K
GC Heap History (20 events):
Event: 1483,654 GC heap before
{Heap before GC invocations=142 (full 0):
 garbage-first heap   total 45056K, used 36302K [0x0000000085400000, 0x0000000100000000)
  region size 1024K, 21 young (21504K), 1 survivors (1024K)
 Metaspace       used 26715K, committed 27008K, reserved 1073152K
  class space    used 2377K, committed 2496K, reserved 1048576K
}
Event: 1483,655 GC heap after
{Heap after GC invocations=143 (full 0):
 garbage-first heap   total 45056K, used 15840K [0x0000000085400000, 0x0000000100000000)
  region size 1024K, 1 young (1024K), 1 survivors (1024K)
 Metaspace       used 26715K, committed 27008K, reserved 1073152K
  class space    used 2377K, committed 2496K, reserved 1048576K
}
Event: 1492,143 GC heap before
{Heap before GC invocations=143 (full 0):
 garbage-first heap   total 45056K, used 36320K [0x0000000085400000, 0x0000000100000000)
  region size 1024K, 21 young (21504K), 1 survivors (1024K)
 Metaspace       used 26715K, committed 27008K, reserved 1073152K
  class space    used 2377K, committed 2496K, reserved 1048576K
}
Event: 1492,144 GC heap after
{Heap after GC invocations=144 (full 0):
 garbage-first heap   total 45056K, used 15851K [0x0000000085400000, 0x0000000100000000)
  region size 1024K, 1 young (1024K), 1 survivors (1024K)
 Metaspace       used 26715K, committed 27008K, reserved 1073152K
  class space    used 2377K, committed 2496K, reserved 1048576K
}
Event: 1500,614 GC heap before
{Heap before GC invocations=144 (full 0):
 garbage-first heap   total 45056K, used 36331K [0x0000000085400000, 0x0000000100000000)
  region size 1024K, 21 young (21504K), 1 survivors (1024K)
 Metaspace       used 26715K, committed 27008K, reserved 1073152K
  class space    used 2377K, committed 2496K, reserved 1048576K
}
Event: 1500,615 GC heap after
{Heap after GC invocations=145 (full 0):
 garbage-first heap   total 45056K, used 15846K [0x0000000085400000, 0x0000000100000000)
  region size 1024K, 1 young (1024K), 1 survivors (1024K)
 Metaspace       used 26715K, committed 27008K, reserved 1073152K
  class space    used 2377K, committed 2496K, reserved 1048576K
}
Event: 1509,029 GC heap before
{Heap before GC invocations=145 (full 0):
 garbage-first heap   total 45056K, used 36326K [0x0000000085400000, 0x0000000100000000)
  region size 1024K, 21 young (21504K), 1 survivors (1024K)
 Metaspace       used 26715K, committed 27008K, reserved 1073152K
  class space    used 2377K, committed 2496K, reserved 1048576K
}
Event: 1509,031 GC heap after
{Heap after GC invocations=146 (full 0):
 garbage-first heap   total 45056K, used 15855K [0x0000000085400000, 0x0000000100000000)
  region size 1024K, 1 young (1024K), 1 survivors (1024K)
 Metaspace       used 26715K, committed 27008K, reserved 1073152K
  class space    used 2377K, committed 2496K, reserved 1048576K
}
Event: 1517,447 GC heap before
{Heap before GC invocations=146 (full 0):
 garbage-first heap   total 45056K, used 36335K [0x0000000085400000, 0x0000000100000000)
  region size 1024K, 21 young (21504K), 1 survivors (1024K)
 Metaspace       used 26715K, committed 27008K, reserved 1073152K
  class space    used 2377K, committed 2496K, reserved 1048576K
}
Event: 1517,448 GC heap after
{Heap after GC invocations=147 (full 0):
 garbage-first heap   total 45056K, used 15851K [0x0000000085400000, 0x0000000100000000)
  region size 1024K, 1 young (1024K), 1 survivors (1024K)
 Metaspace       used 26715K, committed 27008K, reserved 1073152K
  class space    used 2377K, committed 2496K, reserved 1048576K
}
Event: 1526,152 GC heap before
{Heap before GC invocations=147 (full 0):
 garbage-first heap   total 45056K, used 36331K [0x0000000085400000, 0x0000000100000000)
  region size 1024K, 21 young (21504K), 1 survivors (1024K)
 Metaspace       used 26752K, committed 27072K, reserved 1073152K
  class space    used 2384K, committed 2560K, reserved 1048576K
}
Event: 1526,153 GC heap after
{Heap after GC invocations=148 (full 0):
 garbage-first heap   total 45056K, used 15866K [0x0000000085400000, 0x0000000100000000)
  region size 1024K, 1 young (1024K), 1 survivors (1024K)
 Metaspace       used 26752K, committed 27072K, reserved 1073152K
  class space    used 2384K, committed 2560K, reserved 1048576K
}
Event: 1536,118 GC heap before
{Heap before GC invocations=148 (full 0):
 garbage-first heap   total 45056K, used 36346K [0x0000000085400000, 0x0000000100000000)
  region size 1024K, 21 young (21504K), 1 survivors (1024K)
 Metaspace       used 26778K, committed 27072K, reserved 1073152K
  class space    used 2395K, committed 2560K, reserved 1048576K
}
Event: 1536,119 GC heap after
{Heap after GC invocations=149 (full 0):
 garbage-first heap   total 45056K, used 15905K [0x0000000085400000, 0x0000000100000000)
  region size 1024K, 1 young (1024K), 1 survivors (1024K)
 Metaspace       used 26778K, committed 27072K, reserved 1073152K
  class space    used 2395K, committed 2560K, reserved 1048576K
}
Event: 1557,110 GC heap before
{Heap before GC invocations=149 (full 0):
 garbage-first heap   total 45056K, used 36385K [0x0000000085400000, 0x0000000100000000)
  region size 1024K, 21 young (21504K), 1 survivors (1024K)
 Metaspace       used 26778K, committed 27072K, reserved 1073152K
  class space    used 2395K, committed 2560K, reserved 1048576K
}
Event: 1557,111 GC heap after
{Heap after GC invocations=150 (full 0):
 garbage-first heap   total 45056K, used 15895K [0x0000000085400000, 0x0000000100000000)
  region size 1024K, 1 young (1024K), 1 survivors (1024K)
 Metaspace       used 26778K, committed 27072K, reserved 1073152K
  class space    used 2395K, committed 2560K, reserved 1048576K
}
Event: 1573,541 GC heap before
{Heap before GC invocations=150 (full 0):
 garbage-first heap   total 45056K, used 36375K [0x0000000085400000, 0x0000000100000000)
  region size 1024K, 21 young (21504K), 1 survivors (1024K)
 Metaspace       used 26778K, committed 27072K, reserved 1073152K
  class space    used 2395K, committed 2560K, reserved 1048576K
}
Event: 1573,542 GC heap after
{Heap after GC invocations=151 (full 0):
 garbage-first heap   total 45056K, used 15906K [0x0000000085400000, 0x0000000100000000)
  region size 1024K, 1 young (1024K), 1 survivors (1024K)
 Metaspace       used 26778K, committed 27072K, reserved 1073152K
  class space    used 2395K, committed 2560K, reserved 1048576K
}
Event: 1587,683 GC heap before
{Heap before GC invocations=151 (full 0):
 garbage-first heap   total 45056K, used 38434K [0x0000000085400000, 0x0000000100000000)
  region size 1024K, 21 young (21504K), 1 survivors (1024K)
 Metaspace       used 27425K, committed 27648K, reserved 1081344K
  class space    used 2449K, committed 2560K, reserved 1048576K
}
Event: 1587,684 GC heap after
{Heap after GC invocations=152 (full 0):
 garbage-first heap   total 45056K, used 15937K [0x0000000085400000, 0x0000000100000000)
  region size 1024K, 1 young (1024K), 1 survivors (1024K)
 Metaspace       used 27425K, committed 27648K, reserved 1081344K
  class space    used 2449K, committed 2560K, reserved 1048576K
}

